<?xml version="1.0" encoding="UTF-8"?>
<!-- Generated by org.testng.reporters.JUnitReportReporter -->
<testsuite hostname="LAPTOP-FEFQTV48" failures="0" tests="1" name="com.myntrajio.RegisterTest.RegisterTest" time="7.587" errors="0" timestamp="2024-09-03T16:51:16 IST" skipped="0">
  <testcase classname="com.myntrajio.RegisterTest.RegisterTest" name="registerValidData" time="7.587"/>
  <system-out>
    <![CDATA[Register with valid Data Sucess]]>
  </system-out>
</testsuite> <!-- com.myntrajio.RegisterTest.RegisterTest -->
