<?xml version="1.0" encoding="UTF-8"?>
<!-- Generated by org.testng.reporters.JUnitReportReporter -->
<testsuite hostname="LAPTOP-FEFQTV48" failures="0" tests="3" name="com.myntrajio.ElectronicProductTest.ElectronicProductTest" time="0.005" errors="0" timestamp="2024-08-15T12:38:09 IST" skipped="0">
  <testcase classname="com.myntrajio.ElectronicProductTest.ElectronicProductTest" name="addProduct" time="0.001"/>
  <system-out>
    <![CDATA[add product added sucess]]>
  </system-out>
  <testcase classname="com.myntrajio.ElectronicProductTest.ElectronicProductTest" name="removeProduct" time="0.002"/>
  <system-out>
    <![CDATA[product removed sucess]]>
  </system-out>
  <testcase classname="com.myntrajio.ElectronicProductTest.ElectronicProductTest" name="updateProduct" time="0.002"/>
  <system-out>
    <![CDATA[product updated sucess]]>
  </system-out>
</testsuite> <!-- com.myntrajio.ElectronicProductTest.ElectronicProductTest -->
