<?xml version="1.0" encoding="UTF-8"?>
<!-- Generated by org.testng.reporters.JUnitReportReporter -->
<testsuite hostname="LAPTOP-FEFQTV48" failures="0" tests="1" name="com.myntrajio.RegisterTest.RegisterTest" time="0.814" errors="0" timestamp="2024-08-29T15:42:57 IST" skipped="0">
  <testcase classname="com.myntrajio.RegisterTest.RegisterTest" name="registerValidData" time="0.814"/>
  <system-out>
    <![CDATA[Register with valid Data Sucess]]>
  </system-out>
</testsuite> <!-- com.myntrajio.RegisterTest.RegisterTest -->
